2024-09-02 14:01:20,421 INFO  [Main] 
===================SyncLite DB Version: ${revision}==========================
Starting with configuration
address : tcp://localhost:5555
num-threads : 4
trace-level : INFO
========================================================================

2024-09-02 14:01:41,563 INFO  [Main] 
===================SyncLite DB Version: ${revision}==========================
Starting with configuration
address : tcp://localhost:5555
num-threads : 4
trace-level : INFO
========================================================================

2024-09-02 14:02:00,590 INFO  [Main] 
===================SyncLite DB Version: ${revision}==========================
Starting with configuration
address : tcp://localhost:5555
num-threads : 4
trace-level : INFO
========================================================================

2024-09-02 14:02:52,766 INFO  [Main] 
===================SyncLite DB Version: ${revision}==========================
Starting with configuration
address : tcp://localhost:5555
num-threads : 4
trace-level : DEBUG
========================================================================

2024-09-02 14:02:58,648 DEBUG [Main] Received request: ping
2024-09-02 14:02:58,750 DEBUG [Main] Received request: {"db-type":"SQLITE","db-path":"C:\\Users\\arati\\synclite\\job1\\db\\test.db","db-name":"","synclite-logger-config":"C:\\Users\\arati\\synclite\\job1\\db\\synclite_logger.conf","sql":"initialize"}
